\BOOKMARK [0][-]{chapter.1}{\376\377\000I\000n\000t\000r\000o\000d\000u\000c\000t\000i\000o\000n}{}% 1
\BOOKMARK [0][-]{chapter.2}{\376\377\000F\000r\000a\000m\000e\000w\000o\000r\000k\000\040\000A\000r\000c\000h\000i\000t\000e\000c\000t\000u\000r\000e}{}% 2
\BOOKMARK [0][-]{chapter.3}{\376\377\000F\000r\000a\000m\000e\000w\000o\000r\000k\000\040\000T\000o\000o\000l\000s}{}% 3
\BOOKMARK [1][-]{section.3.1}{\376\377\000D\000a\000t\000a\000\040\000L\000o\000a\000d\000e\000r}{chapter.3}% 4
\BOOKMARK [1][-]{section.3.2}{\376\377\000D\000a\000t\000a\000\040\000P\000r\000e\000p\000r\000o\000c\000e\000s\000s\000i\000n\000g}{chapter.3}% 5
\BOOKMARK [1][-]{section.3.3}{\376\377\000P\000e\000r\000f\000o\000r\000m\000a\000n\000c\000e\000\040\000M\000e\000a\000s\000u\000r\000e\000m\000e\000n\000t}{chapter.3}% 6
\BOOKMARK [1][-]{section.3.4}{\376\377\000T\000i\000m\000e\000\040\000S\000e\000r\000i\000e\000s\000\040\000A\000n\000a\000l\000y\000s\000i\000s}{chapter.3}% 7
\BOOKMARK [1][-]{section.3.5}{\376\377\000U\000t\000i\000l\000i\000t\000i\000e\000s}{chapter.3}% 8
\BOOKMARK [0][-]{chapter.4}{\376\377\000F\000r\000a\000m\000e\000w\000o\000r\000k\000\040\000M\000o\000d\000e\000l\000s}{}% 9
\BOOKMARK [1][-]{section.4.1}{\376\377\000A\000R\000I\000M\000A\000\040\000M\000o\000d\000e\000l}{chapter.4}% 10
\BOOKMARK [2][-]{subsection.4.1.1}{\376\377\000A\000R\000I\000M\000A\000\137\000P\000r\000e\000d\000i\000c\000t\000o\000r}{section.4.1}% 11
\BOOKMARK [1][-]{section.4.2}{\376\377\000S\000A\000R\000I\000M\000A\000\040\000M\000o\000d\000e\000l}{chapter.4}% 12
\BOOKMARK [2][-]{subsection.4.2.1}{\376\377\000S\000A\000R\000I\000M\000A\000\137\000P\000r\000e\000d\000i\000c\000t\000o\000r}{section.4.2}% 13
\BOOKMARK [1][-]{section.4.3}{\376\377\000X\000G\000B\000\040\000M\000o\000d\000e\000l}{chapter.4}% 14
\BOOKMARK [2][-]{subsection.4.3.1}{\376\377\000X\000G\000B\000\137\000P\000r\000e\000d\000i\000c\000t\000o\000r}{section.4.3}% 15
\BOOKMARK [1][-]{section.4.4}{\376\377\000L\000S\000T\000M\000\040\000M\000o\000d\000e\000l}{chapter.4}% 16
\BOOKMARK [2][-]{subsection.4.4.1}{\376\377\000L\000S\000T\000M\000\040\000M\000o\000d\000e\000l\000\040\000S\000t\000r\000u\000c\000t\000u\000r\000e}{section.4.4}% 17
\BOOKMARK [2][-]{subsection.4.4.2}{\376\377\000L\000S\000T\000M\000\137\000P\000r\000e\000d\000i\000c\000t\000o\000r}{section.4.4}% 18
\BOOKMARK [1][-]{section.4.5}{\376\377\000N\000A\000I\000V\000E\000\040\000M\000o\000d\000e\000l}{chapter.4}% 19
\BOOKMARK [2][-]{subsection.4.5.1}{\376\377\000N\000A\000I\000V\000E\000\137\000P\000r\000e\000d\000i\000c\000t\000o\000r}{section.4.5}% 20
\BOOKMARK [0][-]{chapter.5}{\376\377\000A\000p\000p\000e\000n\000d\000i\000x}{}% 21
\BOOKMARK [1][-]{section.5.1}{\376\377\000P\000a\000r\000s\000e\000r\000\040\000A\000r\000g\000u\000m\000e\000n\000t\000s}{chapter.5}% 22
\BOOKMARK [2][-]{subsection.5.1.1}{\376\377\000G\000e\000n\000e\000r\000a\000l\000\040\000A\000r\000g\000u\000m\000e\000n\000t\000s}{section.5.1}% 23
\BOOKMARK [2][-]{subsection.5.1.2}{\376\377\000D\000a\000t\000a\000s\000e\000t\000\040\000A\000r\000g\000u\000m\000e\000n\000t\000s}{section.5.1}% 24
\BOOKMARK [2][-]{subsection.5.1.3}{\376\377\000M\000o\000d\000e\000l\000\040\000A\000r\000g\000u\000m\000e\000n\000t\000s}{section.5.1}% 25
\BOOKMARK [2][-]{subsection.5.1.4}{\376\377\000O\000t\000h\000e\000r\000\040\000A\000r\000g\000u\000m\000e\000n\000t\000s}{section.5.1}% 26
\BOOKMARK [1][-]{section.5.2}{\376\377\000U\000s\000a\000g\000e\000\040\000E\000x\000a\000m\000p\000l\000e\000s}{chapter.5}% 27
\BOOKMARK [0][-]{chapter.6}{\376\377\000R\000e\000f\000e\000r\000e\000n\000c\000e\000s}{}% 28
\BOOKMARK [0][-]{chapter.7}{\376\377\000I\000n\000d\000i\000c\000e\000s}{}% 29
\BOOKMARK [0][-]{section*.61}{\376\377\000P\000y\000t\000h\000o\000n\000\040\000M\000o\000d\000u\000l\000e\000\040\000I\000n\000d\000e\000x}{}% 30
